<?xml version="1.0" encoding="UTF-8"?>
<testng-results ignored="0" total="19" passed="19" failed="0" skipped="0">
  <reporter-output>
  </reporter-output>
  <suite started-at="2025-02-19T14:04:46 IST" name="Adactin Hotel Booking Suite" finished-at="2025-02-19T14:07:56 IST" duration-ms="189928">
    <groups>
      <group name="SignUp">
        <method signature="SignUpTest.testNewUserRegisterClickability()[pri:0, instance:test.SignUpTest@19b89d4]" name="testNewUserRegisterClickability" class="test.SignUpTest"/>
        <method signature="SignUpTest.testNewUserRegisterVisibility()[pri:0, instance:test.SignUpTest@19b89d4]" name="testNewUserRegisterVisibility" class="test.SignUpTest"/>
        <method signature="SignUpTest.testRedirectToRigisterPage()[pri:0, instance:test.SignUpTest@19b89d4]" name="testRedirectToRigisterPage" class="test.SignUpTest"/>
      </group> <!-- SignUp -->
      <group name="Book Hotel">
        <method signature="BookHotelTest.testBookingWithoutMandatoryFields()[pri:1, instance:test.BookHotelTest@4bf48f6]" name="testBookingWithoutMandatoryFields" class="test.BookHotelTest"/>
        <method signature="BookHotelTest.testBookingWithValidData()[pri:2, instance:test.BookHotelTest@4bf48f6]" name="testBookingWithValidData" class="test.BookHotelTest"/>
      </group> <!-- Book Hotel -->
      <group name="Logout">
        <method signature="LogoutTest.testVisibilityOfLogoutButton()[pri:0, instance:test.LogoutTest@1c39680d]" name="testVisibilityOfLogoutButton" class="test.LogoutTest"/>
        <method signature="LogoutTest.testLogoutRedirectsToLoginPage()[pri:2, instance:test.LogoutTest@1c39680d]" name="testLogoutRedirectsToLoginPage" class="test.LogoutTest"/>
      </group> <!-- Logout -->
      <group name="Select Hotel">
        <method signature="SelectHotelTest.verifyInvalidHotelSelection()[pri:1, instance:test.SelectHotelTest@2fba3fc4]" name="verifyInvalidHotelSelection" class="test.SelectHotelTest"/>
        <method signature="SelectHotelTest.testRedirectsToBookingPage()[pri:2, instance:test.SelectHotelTest@2fba3fc4]" name="testRedirectsToBookingPage" class="test.SelectHotelTest"/>
      </group> <!-- Select Hotel -->
      <group name="MyItinerary">
        <method signature="MyItineraryTest.testRedirectsToBookedItineraryPage()[pri:1, instance:test.MyItineraryTest@420a85c4]" name="testRedirectsToBookedItineraryPage" class="test.MyItineraryTest"/>
        <method signature="MyItineraryTest.testCancleBookingByCheckBox()[pri:2, instance:test.MyItineraryTest@420a85c4]" name="testCancleBookingByCheckBox" class="test.MyItineraryTest"/>
      </group> <!-- MyItinerary -->
      <group name="Login">
        <method signature="LoginTest.testLoginButtonClickability()[pri:0, instance:test.LoginTest@5d43661b]" name="testLoginButtonClickability" class="test.LoginTest"/>
        <method signature="LoginTest.testLoginButtonVisibility()[pri:0, instance:test.LoginTest@5d43661b]" name="testLoginButtonVisibility" class="test.LoginTest"/>
        <method signature="LoginTest.testLoginWithInValidCridentials()[pri:1, instance:test.LoginTest@5d43661b]" name="testLoginWithInValidCridentials" class="test.LoginTest"/>
        <method signature="LoginTest.testLoginWithValidCridentials()[pri:2, instance:test.LoginTest@5d43661b]" name="testLoginWithValidCridentials" class="test.LoginTest"/>
      </group> <!-- Login -->
      <group name="Search Hotel">
        <method signature="SearchHotelTest.testResetButton()[pri:1, instance:test.SearchHotelTest@12299890]" name="testResetButton" class="test.SearchHotelTest"/>
        <method signature="SearchHotelTest.testSearchWithMandatoryFieldsOnly()[pri:3, instance:test.SearchHotelTest@12299890]" name="testSearchWithMandatoryFieldsOnly" class="test.SearchHotelTest"/>
        <method signature="SearchHotelTest.testSearchWithAllFields()[pri:4, instance:test.SearchHotelTest@12299890]" name="testSearchWithAllFields" class="test.SearchHotelTest"/>
      </group> <!-- Search Hotel -->
    </groups>
    <test started-at="2025-02-19T14:04:46 IST" name="ChromeTest" finished-at="2025-02-19T14:07:56 IST" duration-ms="189928">
      <class name="test.SignUpTest">
        <test-method is-config="true" signature="launchBrowser(java.lang.String,java.lang.String)[pri:0, instance:test.SignUpTest@19b89d4]" started-at="2025-02-19T14:04:46 IST" name="launchBrowser" finished-at="2025-02-19T14:04:53 IST" duration-ms="6822" status="PASS">
          <params>
            <param index="0">
              <value>
                <![CDATA[Chrome]]>
              </value>
            </param>
            <param index="1">
              <value>
                <![CDATA[https://adactinhotelapp.com/index.php]]>
              </value>
            </param>
          </params>
          <reporter-output>
          </reporter-output>
        </test-method> <!-- launchBrowser -->
        <test-method is-config="true" signature="setUp()[pri:0, instance:test.SignUpTest@19b89d4]" started-at="2025-02-19T14:04:53 IST" name="setUp" finished-at="2025-02-19T14:04:53 IST" duration-ms="24" status="PASS">
          <reporter-output>
          </reporter-output>
        </test-method> <!-- setUp -->
        <test-method signature="testNewUserRegisterClickability()[pri:0, instance:test.SignUpTest@19b89d4]" started-at="2025-02-19T14:04:53 IST" name="testNewUserRegisterClickability" finished-at="2025-02-19T14:04:53 IST" duration-ms="98" status="PASS">
          <reporter-output>
          </reporter-output>
        </test-method> <!-- testNewUserRegisterClickability -->
        <test-method is-config="true" signature="close()[pri:0, instance:test.SignUpTest@19b89d4]" started-at="2025-02-19T14:04:53 IST" name="close" finished-at="2025-02-19T14:04:53 IST" duration-ms="78" status="PASS">
          <reporter-output>
          </reporter-output>
        </test-method> <!-- close -->
        <test-method is-config="true" signature="launchBrowser(java.lang.String,java.lang.String)[pri:0, instance:test.SignUpTest@19b89d4]" started-at="2025-02-19T14:04:53 IST" name="launchBrowser" finished-at="2025-02-19T14:05:02 IST" duration-ms="8470" status="PASS">
          <params>
            <param index="0">
              <value>
                <![CDATA[Chrome]]>
              </value>
            </param>
            <param index="1">
              <value>
                <![CDATA[https://adactinhotelapp.com/index.php]]>
              </value>
            </param>
          </params>
          <reporter-output>
          </reporter-output>
        </test-method> <!-- launchBrowser -->
        <test-method is-config="true" signature="setUp()[pri:0, instance:test.SignUpTest@19b89d4]" started-at="2025-02-19T14:05:02 IST" name="setUp" finished-at="2025-02-19T14:05:02 IST" duration-ms="1" status="PASS">
          <reporter-output>
          </reporter-output>
        </test-method> <!-- setUp -->
        <test-method signature="testNewUserRegisterVisibility()[pri:0, instance:test.SignUpTest@19b89d4]" started-at="2025-02-19T14:05:02 IST" name="testNewUserRegisterVisibility" finished-at="2025-02-19T14:05:02 IST" duration-ms="45" status="PASS">
          <reporter-output>
          </reporter-output>
        </test-method> <!-- testNewUserRegisterVisibility -->
        <test-method is-config="true" signature="close()[pri:0, instance:test.SignUpTest@19b89d4]" started-at="2025-02-19T14:05:02 IST" name="close" finished-at="2025-02-19T14:05:02 IST" duration-ms="75" status="PASS">
          <reporter-output>
          </reporter-output>
        </test-method> <!-- close -->
        <test-method is-config="true" signature="launchBrowser(java.lang.String,java.lang.String)[pri:0, instance:test.SignUpTest@19b89d4]" started-at="2025-02-19T14:05:02 IST" name="launchBrowser" finished-at="2025-02-19T14:05:11 IST" duration-ms="8658" status="PASS">
          <params>
            <param index="0">
              <value>
                <![CDATA[Chrome]]>
              </value>
            </param>
            <param index="1">
              <value>
                <![CDATA[https://adactinhotelapp.com/index.php]]>
              </value>
            </param>
          </params>
          <reporter-output>
          </reporter-output>
        </test-method> <!-- launchBrowser -->
        <test-method is-config="true" signature="setUp()[pri:0, instance:test.SignUpTest@19b89d4]" started-at="2025-02-19T14:05:11 IST" name="setUp" finished-at="2025-02-19T14:05:11 IST" duration-ms="1" status="PASS">
          <reporter-output>
          </reporter-output>
        </test-method> <!-- setUp -->
        <test-method signature="testRedirectToRigisterPage()[pri:0, instance:test.SignUpTest@19b89d4]" started-at="2025-02-19T14:05:11 IST" name="testRedirectToRigisterPage" finished-at="2025-02-19T14:05:13 IST" duration-ms="1823" status="PASS">
          <reporter-output>
          </reporter-output>
        </test-method> <!-- testRedirectToRigisterPage -->
        <test-method is-config="true" signature="close()[pri:0, instance:test.SignUpTest@19b89d4]" started-at="2025-02-19T14:05:13 IST" name="close" finished-at="2025-02-19T14:05:13 IST" duration-ms="85" status="PASS">
          <reporter-output>
          </reporter-output>
        </test-method> <!-- close -->
      </class> <!-- test.SignUpTest -->
      <class name="test.LoginTest">
        <test-method is-config="true" signature="launchBrowser(java.lang.String,java.lang.String)[pri:0, instance:test.LoginTest@5d43661b]" started-at="2025-02-19T14:05:13 IST" name="launchBrowser" finished-at="2025-02-19T14:05:21 IST" duration-ms="8809" status="PASS">
          <params>
            <param index="0">
              <value>
                <![CDATA[Chrome]]>
              </value>
            </param>
            <param index="1">
              <value>
                <![CDATA[https://adactinhotelapp.com/index.php]]>
              </value>
            </param>
          </params>
          <reporter-output>
          </reporter-output>
        </test-method> <!-- launchBrowser -->
        <test-method is-config="true" signature="setUp()[pri:0, instance:test.LoginTest@5d43661b]" started-at="2025-02-19T14:05:21 IST" name="setUp" finished-at="2025-02-19T14:05:21 IST" duration-ms="2" status="PASS">
          <reporter-output>
          </reporter-output>
        </test-method> <!-- setUp -->
        <test-method signature="testLoginButtonClickability()[pri:0, instance:test.LoginTest@5d43661b]" started-at="2025-02-19T14:05:21 IST" name="testLoginButtonClickability" finished-at="2025-02-19T14:05:22 IST" duration-ms="55" status="PASS">
          <reporter-output>
          </reporter-output>
        </test-method> <!-- testLoginButtonClickability -->
        <test-method is-config="true" signature="close()[pri:0, instance:test.LoginTest@5d43661b]" started-at="2025-02-19T14:05:22 IST" name="close" finished-at="2025-02-19T14:05:22 IST" duration-ms="76" status="PASS">
          <reporter-output>
          </reporter-output>
        </test-method> <!-- close -->
        <test-method is-config="true" signature="launchBrowser(java.lang.String,java.lang.String)[pri:0, instance:test.LoginTest@5d43661b]" started-at="2025-02-19T14:05:22 IST" name="launchBrowser" finished-at="2025-02-19T14:05:27 IST" duration-ms="5892" status="PASS">
          <params>
            <param index="0">
              <value>
                <![CDATA[Chrome]]>
              </value>
            </param>
            <param index="1">
              <value>
                <![CDATA[https://adactinhotelapp.com/index.php]]>
              </value>
            </param>
          </params>
          <reporter-output>
          </reporter-output>
        </test-method> <!-- launchBrowser -->
        <test-method is-config="true" signature="setUp()[pri:0, instance:test.LoginTest@5d43661b]" started-at="2025-02-19T14:05:27 IST" name="setUp" finished-at="2025-02-19T14:05:27 IST" duration-ms="1" status="PASS">
          <reporter-output>
          </reporter-output>
        </test-method> <!-- setUp -->
        <test-method signature="testLoginButtonVisibility()[pri:0, instance:test.LoginTest@5d43661b]" started-at="2025-02-19T14:05:27 IST" name="testLoginButtonVisibility" finished-at="2025-02-19T14:05:28 IST" duration-ms="78" status="PASS">
          <reporter-output>
          </reporter-output>
        </test-method> <!-- testLoginButtonVisibility -->
        <test-method is-config="true" signature="close()[pri:0, instance:test.LoginTest@5d43661b]" started-at="2025-02-19T14:05:28 IST" name="close" finished-at="2025-02-19T14:05:28 IST" duration-ms="88" status="PASS">
          <reporter-output>
          </reporter-output>
        </test-method> <!-- close -->
        <test-method is-config="true" signature="launchBrowser(java.lang.String,java.lang.String)[pri:0, instance:test.LoginTest@5d43661b]" started-at="2025-02-19T14:05:28 IST" name="launchBrowser" finished-at="2025-02-19T14:05:38 IST" duration-ms="10068" status="PASS">
          <params>
            <param index="0">
              <value>
                <![CDATA[Chrome]]>
              </value>
            </param>
            <param index="1">
              <value>
                <![CDATA[https://adactinhotelapp.com/index.php]]>
              </value>
            </param>
          </params>
          <reporter-output>
          </reporter-output>
        </test-method> <!-- launchBrowser -->
        <test-method is-config="true" signature="setUp()[pri:0, instance:test.LoginTest@5d43661b]" started-at="2025-02-19T14:05:38 IST" name="setUp" finished-at="2025-02-19T14:05:38 IST" duration-ms="1" status="PASS">
          <reporter-output>
          </reporter-output>
        </test-method> <!-- setUp -->
        <test-method signature="testLoginWithInValidCridentials()[pri:1, instance:test.LoginTest@5d43661b]" started-at="2025-02-19T14:05:38 IST" name="testLoginWithInValidCridentials" finished-at="2025-02-19T14:05:39 IST" duration-ms="850" status="PASS">
          <reporter-output>
          </reporter-output>
        </test-method> <!-- testLoginWithInValidCridentials -->
        <test-method is-config="true" signature="close()[pri:0, instance:test.LoginTest@5d43661b]" started-at="2025-02-19T14:05:39 IST" name="close" finished-at="2025-02-19T14:05:39 IST" duration-ms="84" status="PASS">
          <reporter-output>
          </reporter-output>
        </test-method> <!-- close -->
        <test-method is-config="true" signature="launchBrowser(java.lang.String,java.lang.String)[pri:0, instance:test.LoginTest@5d43661b]" started-at="2025-02-19T14:05:39 IST" name="launchBrowser" finished-at="2025-02-19T14:05:45 IST" duration-ms="6052" status="PASS">
          <params>
            <param index="0">
              <value>
                <![CDATA[Chrome]]>
              </value>
            </param>
            <param index="1">
              <value>
                <![CDATA[https://adactinhotelapp.com/index.php]]>
              </value>
            </param>
          </params>
          <reporter-output>
          </reporter-output>
        </test-method> <!-- launchBrowser -->
        <test-method is-config="true" signature="setUp()[pri:0, instance:test.LoginTest@5d43661b]" started-at="2025-02-19T14:05:45 IST" name="setUp" finished-at="2025-02-19T14:05:45 IST" duration-ms="1" status="PASS">
          <reporter-output>
          </reporter-output>
        </test-method> <!-- setUp -->
        <test-method signature="testLoginWithValidCridentials()[pri:2, instance:test.LoginTest@5d43661b]" started-at="2025-02-19T14:05:45 IST" name="testLoginWithValidCridentials" finished-at="2025-02-19T14:05:47 IST" duration-ms="2133" status="PASS">
          <reporter-output>
          </reporter-output>
        </test-method> <!-- testLoginWithValidCridentials -->
        <test-method is-config="true" signature="close()[pri:0, instance:test.LoginTest@5d43661b]" started-at="2025-02-19T14:05:47 IST" name="close" finished-at="2025-02-19T14:05:47 IST" duration-ms="86" status="PASS">
          <reporter-output>
          </reporter-output>
        </test-method> <!-- close -->
      </class> <!-- test.LoginTest -->
      <class name="test.SearchHotelTest">
        <test-method is-config="true" signature="launchBrowser(java.lang.String,java.lang.String)[pri:0, instance:test.SearchHotelTest@12299890]" started-at="2025-02-19T14:05:47 IST" name="launchBrowser" finished-at="2025-02-19T14:05:52 IST" duration-ms="5138" status="PASS">
          <params>
            <param index="0">
              <value>
                <![CDATA[Chrome]]>
              </value>
            </param>
            <param index="1">
              <value>
                <![CDATA[https://adactinhotelapp.com/index.php]]>
              </value>
            </param>
          </params>
          <reporter-output>
          </reporter-output>
        </test-method> <!-- launchBrowser -->
        <test-method is-config="true" signature="setUp()[pri:0, instance:test.SearchHotelTest@12299890]" started-at="2025-02-19T14:05:52 IST" name="setUp" finished-at="2025-02-19T14:05:54 IST" duration-ms="1878" status="PASS">
          <reporter-output>
          </reporter-output>
        </test-method> <!-- setUp -->
        <test-method signature="testResetButton()[pri:1, instance:test.SearchHotelTest@12299890]" started-at="2025-02-19T14:05:54 IST" name="testResetButton" finished-at="2025-02-19T14:05:54 IST" duration-ms="436" status="PASS">
          <reporter-output>
          </reporter-output>
        </test-method> <!-- testResetButton -->
        <test-method is-config="true" signature="close()[pri:0, instance:test.SearchHotelTest@12299890]" started-at="2025-02-19T14:05:54 IST" name="close" finished-at="2025-02-19T14:05:54 IST" duration-ms="94" status="PASS">
          <reporter-output>
          </reporter-output>
        </test-method> <!-- close -->
        <test-method is-config="true" signature="launchBrowser(java.lang.String,java.lang.String)[pri:0, instance:test.SearchHotelTest@12299890]" started-at="2025-02-19T14:05:54 IST" name="launchBrowser" finished-at="2025-02-19T14:06:07 IST" duration-ms="12829" status="PASS">
          <params>
            <param index="0">
              <value>
                <![CDATA[Chrome]]>
              </value>
            </param>
            <param index="1">
              <value>
                <![CDATA[https://adactinhotelapp.com/index.php]]>
              </value>
            </param>
          </params>
          <reporter-output>
          </reporter-output>
        </test-method> <!-- launchBrowser -->
        <test-method is-config="true" signature="setUp()[pri:0, instance:test.SearchHotelTest@12299890]" started-at="2025-02-19T14:06:07 IST" name="setUp" finished-at="2025-02-19T14:06:09 IST" duration-ms="1743" status="PASS">
          <reporter-output>
          </reporter-output>
        </test-method> <!-- setUp -->
        <test-method signature="testInvalidDates()[pri:2, instance:test.SearchHotelTest@12299890]" started-at="2025-02-19T14:06:09 IST" name="testInvalidDates" finished-at="2025-02-19T14:06:09 IST" duration-ms="264" status="PASS">
          <reporter-output>
          </reporter-output>
        </test-method> <!-- testInvalidDates -->
        <test-method is-config="true" signature="close()[pri:0, instance:test.SearchHotelTest@12299890]" started-at="2025-02-19T14:06:09 IST" name="close" finished-at="2025-02-19T14:06:09 IST" duration-ms="38" status="PASS">
          <reporter-output>
          </reporter-output>
        </test-method> <!-- close -->
        <test-method is-config="true" signature="launchBrowser(java.lang.String,java.lang.String)[pri:0, instance:test.SearchHotelTest@12299890]" started-at="2025-02-19T14:06:09 IST" name="launchBrowser" finished-at="2025-02-19T14:06:16 IST" duration-ms="6687" status="PASS">
          <params>
            <param index="0">
              <value>
                <![CDATA[Chrome]]>
              </value>
            </param>
            <param index="1">
              <value>
                <![CDATA[https://adactinhotelapp.com/index.php]]>
              </value>
            </param>
          </params>
          <reporter-output>
          </reporter-output>
        </test-method> <!-- launchBrowser -->
        <test-method is-config="true" signature="setUp()[pri:0, instance:test.SearchHotelTest@12299890]" started-at="2025-02-19T14:06:16 IST" name="setUp" finished-at="2025-02-19T14:06:18 IST" duration-ms="2386" status="PASS">
          <reporter-output>
          </reporter-output>
        </test-method> <!-- setUp -->
        <test-method signature="testSearchWithMandatoryFieldsOnly()[pri:3, instance:test.SearchHotelTest@12299890]" started-at="2025-02-19T14:06:18 IST" name="testSearchWithMandatoryFieldsOnly" finished-at="2025-02-19T14:06:20 IST" duration-ms="1081" status="PASS">
          <reporter-output>
          </reporter-output>
        </test-method> <!-- testSearchWithMandatoryFieldsOnly -->
        <test-method is-config="true" signature="close()[pri:0, instance:test.SearchHotelTest@12299890]" started-at="2025-02-19T14:06:20 IST" name="close" finished-at="2025-02-19T14:06:20 IST" duration-ms="73" status="PASS">
          <reporter-output>
          </reporter-output>
        </test-method> <!-- close -->
        <test-method is-config="true" signature="launchBrowser(java.lang.String,java.lang.String)[pri:0, instance:test.SearchHotelTest@12299890]" started-at="2025-02-19T14:06:20 IST" name="launchBrowser" finished-at="2025-02-19T14:06:25 IST" duration-ms="4977" status="PASS">
          <params>
            <param index="0">
              <value>
                <![CDATA[Chrome]]>
              </value>
            </param>
            <param index="1">
              <value>
                <![CDATA[https://adactinhotelapp.com/index.php]]>
              </value>
            </param>
          </params>
          <reporter-output>
          </reporter-output>
        </test-method> <!-- launchBrowser -->
        <test-method is-config="true" signature="setUp()[pri:0, instance:test.SearchHotelTest@12299890]" started-at="2025-02-19T14:06:25 IST" name="setUp" finished-at="2025-02-19T14:06:27 IST" duration-ms="2014" status="PASS">
          <reporter-output>
          </reporter-output>
        </test-method> <!-- setUp -->
        <test-method signature="testSearchWithAllFields()[pri:4, instance:test.SearchHotelTest@12299890]" started-at="2025-02-19T14:06:27 IST" name="testSearchWithAllFields" finished-at="2025-02-19T14:06:28 IST" duration-ms="1435" status="PASS">
          <reporter-output>
          </reporter-output>
        </test-method> <!-- testSearchWithAllFields -->
        <test-method is-config="true" signature="close()[pri:0, instance:test.SearchHotelTest@12299890]" started-at="2025-02-19T14:06:28 IST" name="close" finished-at="2025-02-19T14:06:28 IST" duration-ms="84" status="PASS">
          <reporter-output>
          </reporter-output>
        </test-method> <!-- close -->
      </class> <!-- test.SearchHotelTest -->
      <class name="test.SelectHotelTest">
        <test-method is-config="true" signature="launchBrowser(java.lang.String,java.lang.String)[pri:0, instance:test.SelectHotelTest@2fba3fc4]" started-at="2025-02-19T14:06:28 IST" name="launchBrowser" finished-at="2025-02-19T14:06:35 IST" duration-ms="6661" status="PASS">
          <params>
            <param index="0">
              <value>
                <![CDATA[Chrome]]>
              </value>
            </param>
            <param index="1">
              <value>
                <![CDATA[https://adactinhotelapp.com/index.php]]>
              </value>
            </param>
          </params>
          <reporter-output>
          </reporter-output>
        </test-method> <!-- launchBrowser -->
        <test-method is-config="true" signature="setUp()[pri:0, instance:test.SelectHotelTest@2fba3fc4]" started-at="2025-02-19T14:06:35 IST" name="setUp" finished-at="2025-02-19T14:06:39 IST" duration-ms="3911" status="PASS">
          <reporter-output>
          </reporter-output>
        </test-method> <!-- setUp -->
        <test-method signature="verifyInvalidHotelSelection()[pri:1, instance:test.SelectHotelTest@2fba3fc4]" started-at="2025-02-19T14:06:39 IST" name="verifyInvalidHotelSelection" finished-at="2025-02-19T14:06:39 IST" duration-ms="69" status="PASS">
          <reporter-output>
          </reporter-output>
        </test-method> <!-- verifyInvalidHotelSelection -->
        <test-method is-config="true" signature="close()[pri:0, instance:test.SelectHotelTest@2fba3fc4]" started-at="2025-02-19T14:06:39 IST" name="close" finished-at="2025-02-19T14:06:39 IST" duration-ms="82" status="PASS">
          <reporter-output>
          </reporter-output>
        </test-method> <!-- close -->
        <test-method is-config="true" signature="launchBrowser(java.lang.String,java.lang.String)[pri:0, instance:test.SelectHotelTest@2fba3fc4]" started-at="2025-02-19T14:06:39 IST" name="launchBrowser" finished-at="2025-02-19T14:06:44 IST" duration-ms="5508" status="PASS">
          <params>
            <param index="0">
              <value>
                <![CDATA[Chrome]]>
              </value>
            </param>
            <param index="1">
              <value>
                <![CDATA[https://adactinhotelapp.com/index.php]]>
              </value>
            </param>
          </params>
          <reporter-output>
          </reporter-output>
        </test-method> <!-- launchBrowser -->
        <test-method is-config="true" signature="setUp()[pri:0, instance:test.SelectHotelTest@2fba3fc4]" started-at="2025-02-19T14:06:44 IST" name="setUp" finished-at="2025-02-19T14:06:50 IST" duration-ms="5882" status="PASS">
          <reporter-output>
          </reporter-output>
        </test-method> <!-- setUp -->
        <test-method signature="testRedirectsToBookingPage()[pri:2, instance:test.SelectHotelTest@2fba3fc4]" started-at="2025-02-19T14:06:50 IST" name="testRedirectsToBookingPage" finished-at="2025-02-19T14:06:51 IST" duration-ms="998" status="PASS">
          <reporter-output>
          </reporter-output>
        </test-method> <!-- testRedirectsToBookingPage -->
        <test-method is-config="true" signature="close()[pri:0, instance:test.SelectHotelTest@2fba3fc4]" started-at="2025-02-19T14:06:51 IST" name="close" finished-at="2025-02-19T14:06:51 IST" duration-ms="72" status="PASS">
          <reporter-output>
          </reporter-output>
        </test-method> <!-- close -->
      </class> <!-- test.SelectHotelTest -->
      <class name="test.BookHotelTest">
        <test-method is-config="true" signature="launchBrowser(java.lang.String,java.lang.String)[pri:0, instance:test.BookHotelTest@4bf48f6]" started-at="2025-02-19T14:06:51 IST" name="launchBrowser" finished-at="2025-02-19T14:06:58 IST" duration-ms="6326" status="PASS">
          <params>
            <param index="0">
              <value>
                <![CDATA[Chrome]]>
              </value>
            </param>
            <param index="1">
              <value>
                <![CDATA[https://adactinhotelapp.com/index.php]]>
              </value>
            </param>
          </params>
          <reporter-output>
          </reporter-output>
        </test-method> <!-- launchBrowser -->
        <test-method is-config="true" signature="setUp()[pri:0, instance:test.BookHotelTest@4bf48f6]" started-at="2025-02-19T14:06:58 IST" name="setUp" finished-at="2025-02-19T14:07:02 IST" duration-ms="4326" status="PASS">
          <reporter-output>
          </reporter-output>
        </test-method> <!-- setUp -->
        <test-method signature="testBookingWithoutMandatoryFields()[pri:1, instance:test.BookHotelTest@4bf48f6]" started-at="2025-02-19T14:07:02 IST" name="testBookingWithoutMandatoryFields" finished-at="2025-02-19T14:07:02 IST" duration-ms="501" status="PASS">
          <reporter-output>
          </reporter-output>
        </test-method> <!-- testBookingWithoutMandatoryFields -->
        <test-method is-config="true" signature="close()[pri:0, instance:test.BookHotelTest@4bf48f6]" started-at="2025-02-19T14:07:02 IST" name="close" finished-at="2025-02-19T14:07:03 IST" duration-ms="75" status="PASS">
          <reporter-output>
          </reporter-output>
        </test-method> <!-- close -->
        <test-method is-config="true" signature="launchBrowser(java.lang.String,java.lang.String)[pri:0, instance:test.BookHotelTest@4bf48f6]" started-at="2025-02-19T14:07:03 IST" name="launchBrowser" finished-at="2025-02-19T14:07:08 IST" duration-ms="5965" status="PASS">
          <params>
            <param index="0">
              <value>
                <![CDATA[Chrome]]>
              </value>
            </param>
            <param index="1">
              <value>
                <![CDATA[https://adactinhotelapp.com/index.php]]>
              </value>
            </param>
          </params>
          <reporter-output>
          </reporter-output>
        </test-method> <!-- launchBrowser -->
        <test-method is-config="true" signature="setUp()[pri:0, instance:test.BookHotelTest@4bf48f6]" started-at="2025-02-19T14:07:08 IST" name="setUp" finished-at="2025-02-19T14:07:12 IST" duration-ms="3670" status="PASS">
          <reporter-output>
          </reporter-output>
        </test-method> <!-- setUp -->
        <test-method signature="testBookingWithValidData()[pri:2, instance:test.BookHotelTest@4bf48f6]" started-at="2025-02-19T14:07:12 IST" name="testBookingWithValidData" finished-at="2025-02-19T14:07:19 IST" duration-ms="6915" status="PASS">
          <reporter-output>
          </reporter-output>
        </test-method> <!-- testBookingWithValidData -->
        <test-method is-config="true" signature="close()[pri:0, instance:test.BookHotelTest@4bf48f6]" started-at="2025-02-19T14:07:19 IST" name="close" finished-at="2025-02-19T14:07:19 IST" duration-ms="86" status="PASS">
          <reporter-output>
          </reporter-output>
        </test-method> <!-- close -->
      </class> <!-- test.BookHotelTest -->
      <class name="test.MyItineraryTest">
        <test-method is-config="true" signature="launchBrowser(java.lang.String,java.lang.String)[pri:0, instance:test.MyItineraryTest@420a85c4]" started-at="2025-02-19T14:07:19 IST" name="launchBrowser" finished-at="2025-02-19T14:07:28 IST" duration-ms="8415" status="PASS">
          <params>
            <param index="0">
              <value>
                <![CDATA[Chrome]]>
              </value>
            </param>
            <param index="1">
              <value>
                <![CDATA[https://adactinhotelapp.com/index.php]]>
              </value>
            </param>
          </params>
          <reporter-output>
          </reporter-output>
        </test-method> <!-- launchBrowser -->
        <test-method is-config="true" signature="setUp()[pri:0, instance:test.MyItineraryTest@420a85c4]" started-at="2025-02-19T14:07:28 IST" name="setUp" finished-at="2025-02-19T14:07:29 IST" duration-ms="1613" status="PASS">
          <reporter-output>
          </reporter-output>
        </test-method> <!-- setUp -->
        <test-method signature="testRedirectsToBookedItineraryPage()[pri:1, instance:test.MyItineraryTest@420a85c4]" started-at="2025-02-19T14:07:29 IST" name="testRedirectsToBookedItineraryPage" finished-at="2025-02-19T14:07:30 IST" duration-ms="1282" status="PASS">
          <reporter-output>
          </reporter-output>
        </test-method> <!-- testRedirectsToBookedItineraryPage -->
        <test-method is-config="true" signature="close()[pri:0, instance:test.MyItineraryTest@420a85c4]" started-at="2025-02-19T14:07:30 IST" name="close" finished-at="2025-02-19T14:07:31 IST" duration-ms="37" status="PASS">
          <reporter-output>
          </reporter-output>
        </test-method> <!-- close -->
        <test-method is-config="true" signature="launchBrowser(java.lang.String,java.lang.String)[pri:0, instance:test.MyItineraryTest@420a85c4]" started-at="2025-02-19T14:07:31 IST" name="launchBrowser" finished-at="2025-02-19T14:07:36 IST" duration-ms="5157" status="PASS">
          <params>
            <param index="0">
              <value>
                <![CDATA[Chrome]]>
              </value>
            </param>
            <param index="1">
              <value>
                <![CDATA[https://adactinhotelapp.com/index.php]]>
              </value>
            </param>
          </params>
          <reporter-output>
          </reporter-output>
        </test-method> <!-- launchBrowser -->
        <test-method is-config="true" signature="setUp()[pri:0, instance:test.MyItineraryTest@420a85c4]" started-at="2025-02-19T14:07:36 IST" name="setUp" finished-at="2025-02-19T14:07:37 IST" duration-ms="1739" status="PASS">
          <reporter-output>
          </reporter-output>
        </test-method> <!-- setUp -->
        <test-method signature="testCancleBookingByCheckBox()[pri:2, instance:test.MyItineraryTest@420a85c4]" started-at="2025-02-19T14:07:37 IST" name="testCancleBookingByCheckBox" finished-at="2025-02-19T14:07:40 IST" duration-ms="2727" status="PASS">
          <reporter-output>
          </reporter-output>
        </test-method> <!-- testCancleBookingByCheckBox -->
        <test-method is-config="true" signature="close()[pri:0, instance:test.MyItineraryTest@420a85c4]" started-at="2025-02-19T14:07:40 IST" name="close" finished-at="2025-02-19T14:07:40 IST" duration-ms="75" status="PASS">
          <reporter-output>
          </reporter-output>
        </test-method> <!-- close -->
      </class> <!-- test.MyItineraryTest -->
      <class name="test.LogoutTest">
        <test-method is-config="true" signature="launchBrowser(java.lang.String,java.lang.String)[pri:0, instance:test.LogoutTest@1c39680d]" started-at="2025-02-19T14:07:40 IST" name="launchBrowser" finished-at="2025-02-19T14:07:46 IST" duration-ms="5921" status="PASS">
          <params>
            <param index="0">
              <value>
                <![CDATA[Chrome]]>
              </value>
            </param>
            <param index="1">
              <value>
                <![CDATA[https://adactinhotelapp.com/index.php]]>
              </value>
            </param>
          </params>
          <reporter-output>
          </reporter-output>
        </test-method> <!-- launchBrowser -->
        <test-method is-config="true" signature="setUp()[pri:0, instance:test.LogoutTest@1c39680d]" started-at="2025-02-19T14:07:46 IST" name="setUp" finished-at="2025-02-19T14:07:48 IST" duration-ms="1577" status="PASS">
          <reporter-output>
          </reporter-output>
        </test-method> <!-- setUp -->
        <test-method signature="testVisibilityOfLogoutButton()[pri:0, instance:test.LogoutTest@1c39680d]" started-at="2025-02-19T14:07:48 IST" name="testVisibilityOfLogoutButton" finished-at="2025-02-19T14:07:48 IST" duration-ms="46" status="PASS">
          <reporter-output>
          </reporter-output>
        </test-method> <!-- testVisibilityOfLogoutButton -->
        <test-method is-config="true" signature="close()[pri:0, instance:test.LogoutTest@1c39680d]" started-at="2025-02-19T14:07:48 IST" name="close" finished-at="2025-02-19T14:07:48 IST" duration-ms="84" status="PASS">
          <reporter-output>
          </reporter-output>
        </test-method> <!-- close -->
        <test-method is-config="true" signature="launchBrowser(java.lang.String,java.lang.String)[pri:0, instance:test.LogoutTest@1c39680d]" started-at="2025-02-19T14:07:48 IST" name="launchBrowser" finished-at="2025-02-19T14:07:53 IST" duration-ms="5650" status="PASS">
          <params>
            <param index="0">
              <value>
                <![CDATA[Chrome]]>
              </value>
            </param>
            <param index="1">
              <value>
                <![CDATA[https://adactinhotelapp.com/index.php]]>
              </value>
            </param>
          </params>
          <reporter-output>
          </reporter-output>
        </test-method> <!-- launchBrowser -->
        <test-method is-config="true" signature="setUp()[pri:0, instance:test.LogoutTest@1c39680d]" started-at="2025-02-19T14:07:53 IST" name="setUp" finished-at="2025-02-19T14:07:56 IST" duration-ms="2215" status="PASS">
          <reporter-output>
          </reporter-output>
        </test-method> <!-- setUp -->
        <test-method signature="testLogoutRedirectsToLoginPage()[pri:2, instance:test.LogoutTest@1c39680d]" started-at="2025-02-19T14:07:56 IST" name="testLogoutRedirectsToLoginPage" finished-at="2025-02-19T14:07:56 IST" duration-ms="589" status="PASS">
          <reporter-output>
          </reporter-output>
        </test-method> <!-- testLogoutRedirectsToLoginPage -->
        <test-method is-config="true" signature="close()[pri:0, instance:test.LogoutTest@1c39680d]" started-at="2025-02-19T14:07:56 IST" name="close" finished-at="2025-02-19T14:07:56 IST" duration-ms="73" status="PASS">
          <reporter-output>
          </reporter-output>
        </test-method> <!-- close -->
      </class> <!-- test.LogoutTest -->
    </test> <!-- ChromeTest -->
  </suite> <!-- Adactin Hotel Booking Suite -->
</testng-results>
